[0.451s] Invoking command in '/home/tkzwp/ros2_ws/src/mypkg': PYTHONPATH=/home/tkzwp/ros2_ws/src/mypkg/install/mypkg/lib/python3.10/site-packages:${PYTHONPATH} /usr/bin/python3 setup.py egg_info --egg-base build/mypkg build --build-base /home/tkzwp/ros2_ws/src/mypkg/build/mypkg/build install --prefix /home/tkzwp/ros2_ws/src/mypkg/install/mypkg --record /home/tkzwp/ros2_ws/src/mypkg/build/mypkg/install.log --single-version-externally-managed
[0.599s] running egg_info
[0.599s] creating build/mypkg/mypkg.egg-info
[0.599s] writing build/mypkg/mypkg.egg-info/PKG-INFO
[0.599s] writing dependency_links to build/mypkg/mypkg.egg-info/dependency_links.txt
[0.599s] writing entry points to build/mypkg/mypkg.egg-info/entry_points.txt
[0.599s] writing requirements to build/mypkg/mypkg.egg-info/requires.txt
[0.599s] writing top-level names to build/mypkg/mypkg.egg-info/top_level.txt
[0.600s] writing manifest file 'build/mypkg/mypkg.egg-info/SOURCES.txt'
[0.600s] reading manifest file 'build/mypkg/mypkg.egg-info/SOURCES.txt'
[0.601s] writing manifest file 'build/mypkg/mypkg.egg-info/SOURCES.txt'
[0.601s] running build
[0.601s] running build_py
[0.602s] creating /home/tkzwp/ros2_ws/src/mypkg/build/mypkg/build
[0.602s] creating /home/tkzwp/ros2_ws/src/mypkg/build/mypkg/build/lib
[0.602s] creating /home/tkzwp/ros2_ws/src/mypkg/build/mypkg/build/lib/mypkg
[0.602s] copying mypkg/talker.py -> /home/tkzwp/ros2_ws/src/mypkg/build/mypkg/build/lib/mypkg
[0.602s] copying mypkg/__init__.py -> /home/tkzwp/ros2_ws/src/mypkg/build/mypkg/build/lib/mypkg
[0.602s] running install
[0.603s] /usr/lib/python3/dist-packages/setuptools/command/install.py:34: SetuptoolsDeprecationWarning: setup.py install is deprecated. Use build and pip and other standards-based tools.
[0.603s]   warnings.warn(
[0.603s] running install_lib
[0.603s] creating /home/tkzwp/ros2_ws/src/mypkg/install/mypkg/lib/python3.10/site-packages/mypkg
[0.604s] copying /home/tkzwp/ros2_ws/src/mypkg/build/mypkg/build/lib/mypkg/talker.py -> /home/tkzwp/ros2_ws/src/mypkg/install/mypkg/lib/python3.10/site-packages/mypkg
[0.604s] copying /home/tkzwp/ros2_ws/src/mypkg/build/mypkg/build/lib/mypkg/__init__.py -> /home/tkzwp/ros2_ws/src/mypkg/install/mypkg/lib/python3.10/site-packages/mypkg
[0.604s] byte-compiling /home/tkzwp/ros2_ws/src/mypkg/install/mypkg/lib/python3.10/site-packages/mypkg/talker.py to talker.cpython-310.pyc
[0.604s] byte-compiling /home/tkzwp/ros2_ws/src/mypkg/install/mypkg/lib/python3.10/site-packages/mypkg/__init__.py to __init__.cpython-310.pyc
[0.605s] running install_data
[0.605s] creating /home/tkzwp/ros2_ws/src/mypkg/install/mypkg/share/ament_index
[0.605s] creating /home/tkzwp/ros2_ws/src/mypkg/install/mypkg/share/ament_index/resource_index
[0.605s] creating /home/tkzwp/ros2_ws/src/mypkg/install/mypkg/share/ament_index/resource_index/packages
[0.605s] copying resource/mypkg -> /home/tkzwp/ros2_ws/src/mypkg/install/mypkg/share/ament_index/resource_index/packages
[0.605s] copying package.xml -> /home/tkzwp/ros2_ws/src/mypkg/install/mypkg/share/mypkg
[0.605s] running install_egg_info
[0.606s] Copying build/mypkg/mypkg.egg-info to /home/tkzwp/ros2_ws/src/mypkg/install/mypkg/lib/python3.10/site-packages/mypkg-0.0.0-py3.10.egg-info
[0.607s] running install_scripts
[0.622s] Installing talker script to /home/tkzwp/ros2_ws/src/mypkg/install/mypkg/lib/mypkg
[0.622s] writing list of installed files to '/home/tkzwp/ros2_ws/src/mypkg/build/mypkg/install.log'
[0.639s] Invoked command in '/home/tkzwp/ros2_ws/src/mypkg' returned '0': PYTHONPATH=/home/tkzwp/ros2_ws/src/mypkg/install/mypkg/lib/python3.10/site-packages:${PYTHONPATH} /usr/bin/python3 setup.py egg_info --egg-base build/mypkg build --build-base /home/tkzwp/ros2_ws/src/mypkg/build/mypkg/build install --prefix /home/tkzwp/ros2_ws/src/mypkg/install/mypkg --record /home/tkzwp/ros2_ws/src/mypkg/build/mypkg/install.log --single-version-externally-managed
